<html>
<head>
<title>TestNG:  AdminUI_Adapter_Execution_Test</title>
<link href="../testng.css" rel="stylesheet" type="text/css" />
<link href="../my-testng.css" rel="stylesheet" type="text/css" />

<style type="text/css">
.log { display: none;} 
.stack-trace { display: none;} 
</style>
<script type="text/javascript">
<!--
function flip(e) {
  current = e.style.display;
  if (current == 'block') {
    e.style.display = 'none';
    return 0;
  }
  else {
    e.style.display = 'block';
    return 1;
  }
}

function toggleBox(szDivId, elem, msg1, msg2)
{
  var res = -1;  if (document.getElementById) {
    res = flip(document.getElementById(szDivId));
  }
  else if (document.all) {
    // this is the way old msie versions work
    res = flip(document.all[szDivId]);
  }
  if(elem) {
    if(res == 0) elem.innerHTML = msg1; else elem.innerHTML = msg2;
  }

}

function toggleAllBoxes() {
  if (document.getElementsByTagName) {
    d = document.getElementsByTagName('div');
    for (i = 0; i < d.length; i++) {
      if (d[i].className == 'log') {
        flip(d[i]);
      }
    }
  }
}

// -->
</script>

</head>
<body>
<h2 align='center'>AdminUI_Adapter_Execution_Test</h2><table border='1' align="center">
<tr>
<td>Tests passed/Failed/Skipped:</td><td>9/0/1</td>
</tr><tr>
<td>Started on:</td><td>Thu Feb 22 08:26:31 CET 2018</td>
</tr>
<tr><td>Total time:</td><td>21 seconds (21815 ms)</td>
</tr><tr>
<td>Included groups:</td><td></td>
</tr><tr>
<td>Excluded groups:</td><td></td>
</tr>
</table><p/>
<small><i>(Hover the method name to see the test class name)</i></small><p/>
<table width='100%' border='1' class='invocation-passed'>
<tr><td colspan='4' align='center'><b>PASSED TESTS</b></td></tr>
<tr><td><b>Test method</b></td>
<td width="30%"><b>Exception</b></td>
<td width="10%"><b>Time (seconds)</b></td>
<td><b>Instance</b></td>
</tr>
<tr>
<td title='AdminUI_Adapter_Execution_Test.StepDef_AdminUI.click_on_ETLC_Set_Scheduling_link()'><b>click_on_ETLC_Set_Scheduling_link</b><br>Test class: AdminUI_Adapter_Execution_Test.StepDef_AdminUI</td>
<td></td>
<td>0</td>
<td>AdminUI_Adapter_Execution_Test.StepDef_AdminUI@44a5cd0c</td></tr>
<tr>
<td title='AdminUI_Adapter_Execution_Test.StepDef_AdminUI.i_enter_valid_username_and_valid_password_And_click_on_LogIn_button()'><b>i_enter_valid_username_and_valid_password_And_click_on_LogIn_button</b><br>Test class: AdminUI_Adapter_Execution_Test.StepDef_AdminUI</td>
<td></td>
<td>1</td>
<td>AdminUI_Adapter_Execution_Test.StepDef_AdminUI@44a5cd0c</td></tr>
<tr>
<td title='AdminUI_Adapter_Execution_Test.StepDef_AdminUI.i_should_be_redirected_to_the_home_page_of_the_AdminUI_site()'><b>i_should_be_redirected_to_the_home_page_of_the_AdminUI_site</b><br>Test class: AdminUI_Adapter_Execution_Test.StepDef_AdminUI</td>
<td></td>
<td>1</td>
<td>AdminUI_Adapter_Execution_Test.StepDef_AdminUI@44a5cd0c</td></tr>
<tr>
<td title='AdminUI_Adapter_Execution_Test.StepDef_AdminUI.navigate_to_ETLC_Set_History()'><b>navigate_to_ETLC_Set_History</b><br>Test class: AdminUI_Adapter_Execution_Test.StepDef_AdminUI</td>
<td></td>
<td>0</td>
<td>AdminUI_Adapter_Execution_Test.StepDef_AdminUI@44a5cd0c</td></tr>
<tr>
<td title='AdminUI_Adapter_Execution_Test.StepDef_AdminUI.open_Chrome_and_start_application_and_naviagte_to_adminUI_URL()'><b>open_Chrome_and_start_application_and_naviagte_to_adminUI_URL</b><br>Test class: AdminUI_Adapter_Execution_Test.StepDef_AdminUI</td>
<td></td>
<td>8</td>
<td>AdminUI_Adapter_Execution_Test.StepDef_AdminUI@44a5cd0c</td></tr>
<tr>
<td title='AdminUI_Adapter_Execution_Test.StepDef_AdminUI.select_package_from_dropdown_box_and_select_Set_type_and_click_on_Search_button()'><b>select_package_from_dropdown_box_and_select_Set_type_and_click_on_Search_button</b><br>Test class: AdminUI_Adapter_Execution_Test.StepDef_AdminUI</td>
<td></td>
<td>1</td>
<td>AdminUI_Adapter_Execution_Test.StepDef_AdminUI@44a5cd0c</td></tr>
<tr>
<td title='AdminUI_Adapter_Execution_Test.StepDef_AdminUI.select_set_type_And_package()'><b>select_set_type_And_package</b><br>Test class: AdminUI_Adapter_Execution_Test.StepDef_AdminUI</td>
<td></td>
<td>2</td>
<td>AdminUI_Adapter_Execution_Test.StepDef_AdminUI@44a5cd0c</td></tr>
<tr>
<td title='AdminUI_Adapter_Execution_Test.StepDef_AdminUI.start_the_DSC_Adapter_and_wait_n_minutes()'><b>start_the_DSC_Adapter_and_wait_n_minutes</b><br>Test class: AdminUI_Adapter_Execution_Test.StepDef_AdminUI</td>
<td></td>
<td>5</td>
<td>AdminUI_Adapter_Execution_Test.StepDef_AdminUI@44a5cd0c</td></tr>
<tr>
<td title='AdminUI_Adapter_Execution_Test.StepDef_AdminUI.take_time_difference_from_Start_column_and_Stop_column_of_DSC_Adapter()'><b>take_time_difference_from_Start_column_and_Stop_column_of_DSC_Adapter</b><br>Test class: AdminUI_Adapter_Execution_Test.StepDef_AdminUI</td>
<td></td>
<td>0</td>
<td>AdminUI_Adapter_Execution_Test.StepDef_AdminUI@44a5cd0c</td></tr>
</table><p>
<table width='100%' border='1' class='invocation-skipped'>
<tr><td colspan='4' align='center'><b>SKIPPED TESTS</b></td></tr>
<tr><td><b>Test method</b></td>
<td width="30%"><b>Exception</b></td>
<td width="10%"><b>Time (seconds)</b></td>
<td><b>Instance</b></td>
</tr>
<tr>
<td title='AdminUI_Adapter_Execution_Test.StepDef_AdminUI.difference_should_be_less_than_minutes()'><b>difference_should_be_less_than_minutes</b><br>Test class: AdminUI_Adapter_Execution_Test.StepDef_AdminUI</td>
<td><div><pre>org.testng.TestNGException: 
Method difference_should_be_less_than_minutes requires 1 parameters but 0 were supplied in the @Test annotation.
	at org.testng.internal.Parameters.checkParameterTypes(Parameters.java:191)
	at org.testng.internal.Parameters.createParameters(Parameters.java:127)
	at org.testng.internal.Parameters.createParameters(Parameters.java:376)
	at org.testng.internal.Parameters.handleParameters(Parameters.java:451)
	at org.testng.internal.Invoker.handleParameters(Invoker.java:1270)
	at org.testng.internal.Invoker.createParameters(Invoker.java:985)
	at org.testng.internal.Invoker.invokeTestMethods(Invoker.java:1075)
	at org.testng.internal.TestMethodWorker.invokeTestMethods(TestMethodWorker.java:125)
	at org.testng.internal.TestMethodWorker.run(TestMethodWorker.java:108)
	at org.testng.TestRunner.privateRun(TestRunner.java:774)
	at org.testng.TestRunner.run(TestRunner.java:624)
	at org.testng.SuiteRunner.runTest(SuiteRunner.java:359)
	at org.testng.SuiteRunner.runSequentially(SuiteRunner.java:354)
	at org.testng.SuiteRunner.privateRun(SuiteRunner.java:312)
	at org.testng.SuiteRunner.run(SuiteRunner.java:261)
	at org.testng.SuiteRunnerWorker.runSuite(SuiteRunnerWorker.java:52)
	at org.testng.SuiteRunnerWorker.run(SuiteRunnerWorker.java:86)
	at org.testng.TestNG.runSuitesSequentially(TestNG.java:1215)
	at org.testng.TestNG.runSuitesLocally(TestNG.java:1140)
	at org.testng.TestNG.run(TestNG.java:1048)
	at org.testng.remote.AbstractRemoteTestNG.run(AbstractRemoteTestNG.java:114)
	at org.testng.remote.RemoteTestNG.initAndRun(RemoteTestNG.java:251)
	at org.testng.remote.RemoteTestNG.main(RemoteTestNG.java:77)
</pre></div><a href='#' onClick='toggleBox("stack-trace788309675", this, "Click to show all stack frames", "Click to hide stack frames")'>Click to show all stack frames</a>
<div class='stack-trace' id='stack-trace788309675'><pre>org.testng.TestNGException: 
Method difference_should_be_less_than_minutes requires 1 parameters but 0 were supplied in the @Test annotation.
	at org.testng.internal.Parameters.checkParameterTypes(Parameters.java:191)
	at org.testng.internal.Parameters.createParameters(Parameters.java:127)
	at org.testng.internal.Parameters.createParameters(Parameters.java:376)
	at org.testng.internal.Parameters.handleParameters(Parameters.java:451)
	at org.testng.internal.Invoker.handleParameters(Invoker.java:1270)
	at org.testng.internal.Invoker.createParameters(Invoker.java:985)
	at org.testng.internal.Invoker.invokeTestMethods(Invoker.java:1075)
	at org.testng.internal.TestMethodWorker.invokeTestMethods(TestMethodWorker.java:125)
	at org.testng.internal.TestMethodWorker.run(TestMethodWorker.java:108)
	at org.testng.TestRunner.privateRun(TestRunner.java:774)
	at org.testng.TestRunner.run(TestRunner.java:624)
	at org.testng.SuiteRunner.runTest(SuiteRunner.java:359)
	at org.testng.SuiteRunner.runSequentially(SuiteRunner.java:354)
	at org.testng.SuiteRunner.privateRun(SuiteRunner.java:312)
	at org.testng.SuiteRunner.run(SuiteRunner.java:261)
	at org.testng.SuiteRunnerWorker.runSuite(SuiteRunnerWorker.java:52)
	at org.testng.SuiteRunnerWorker.run(SuiteRunnerWorker.java:86)
	at org.testng.TestNG.runSuitesSequentially(TestNG.java:1215)
	at org.testng.TestNG.runSuitesLocally(TestNG.java:1140)
	at org.testng.TestNG.run(TestNG.java:1048)
	at org.testng.remote.AbstractRemoteTestNG.run(AbstractRemoteTestNG.java:114)
	at org.testng.remote.RemoteTestNG.initAndRun(RemoteTestNG.java:251)
	at org.testng.remote.RemoteTestNG.main(RemoteTestNG.java:77)
</pre></div></td>
<td>0</td>
<td>AdminUI_Adapter_Execution_Test.StepDef_AdminUI@44a5cd0c</td></tr>
</table><p>
</body>
</html>