<?xml version="1.0" encoding="UTF-8"?>
<!-- Generated by org.testng.reporters.JUnitReportReporter -->
<testsuite hostname="SELIIWDPOSST214" name="AdminUI_Adapter_Execution_Test.StepDef_AdminUI_test" tests="2" failures="0" timestamp="22 Feb 2018 09:30:20 GMT" time="10.497" errors="1">
  <testcase name="open_Chrome_and_start_application_and_naviagte_to_adminUI_URL" time="10.497" classname="AdminUI_Adapter_Execution_Test.StepDef_AdminUI_test"/>
  <testcase name="difference_should_be_less_than_minutes" time="0.000" classname="AdminUI_Adapter_Execution_Test.StepDef_AdminUI_test">
    <error type="org.testng.TestNGException" message="
Method difference_should_be_less_than_minutes requires 1 parameters but 0 were supplied in the @Test annotation.">
      <![CDATA[org.testng.TestNGException: 
Method difference_should_be_less_than_minutes requires 1 parameters but 0 were supplied in the @Test annotation.
	at org.testng.internal.Parameters.checkParameterTypes(Parameters.java:191)
	at org.testng.internal.Parameters.createParameters(Parameters.java:127)
	at org.testng.internal.Parameters.createParameters(Parameters.java:376)
	at org.testng.internal.Parameters.handleParameters(Parameters.java:451)
	at org.testng.internal.Invoker.handleParameters(Invoker.java:1270)
	at org.testng.internal.Invoker.createParameters(Invoker.java:985)
	at org.testng.internal.Invoker.invokeTestMethods(Invoker.java:1075)
	at org.testng.internal.TestMethodWorker.invokeTestMethods(TestMethodWorker.java:125)
	at org.testng.internal.TestMethodWorker.run(TestMethodWorker.java:108)
	at java.util.concurrent.ThreadPoolExecutor.runWorker(ThreadPoolExecutor.java:1145)
	at java.util.concurrent.ThreadPoolExecutor$Worker.run(ThreadPoolExecutor.java:615)
	at java.lang.Thread.run(Thread.java:745)
]]>
    </error>
  </testcase> <!-- difference_should_be_less_than_minutes -->
</testsuite> <!-- AdminUI_Adapter_Execution_Test.StepDef_AdminUI_test -->
