<?xml version="1.0" encoding="UTF-8"?>
<!-- Generated by org.testng.reporters.JUnitReportReporter -->
<testsuite hostname="SELIIWDPOSST214" name="AdminUI_Adapter_Execution_Test.StepDef_AdminUI" tests="10" failures="0" timestamp="22 Feb 2018 07:26:53 GMT" time="21.701" errors="1">
  <testcase name="start_the_DSC_Adapter_and_wait_n_minutes" time="5.003" classname="AdminUI_Adapter_Execution_Test.StepDef_AdminUI"/>
  <testcase name="difference_should_be_less_than_minutes" time="0.000" classname="AdminUI_Adapter_Execution_Test.StepDef_AdminUI">
    <error type="org.testng.TestNGException" message="
Method difference_should_be_less_than_minutes requires 1 parameters but 0 were supplied in the @Test annotation.">
      <![CDATA[org.testng.TestNGException: 
Method difference_should_be_less_than_minutes requires 1 parameters but 0 were supplied in the @Test annotation.
	at org.testng.internal.Parameters.checkParameterTypes(Parameters.java:191)
	at org.testng.internal.Parameters.createParameters(Parameters.java:127)
	at org.testng.internal.Parameters.createParameters(Parameters.java:376)
	at org.testng.internal.Parameters.handleParameters(Parameters.java:451)
	at org.testng.internal.Invoker.handleParameters(Invoker.java:1270)
	at org.testng.internal.Invoker.createParameters(Invoker.java:985)
	at org.testng.internal.Invoker.invokeTestMethods(Invoker.java:1075)
	at org.testng.internal.TestMethodWorker.invokeTestMethods(TestMethodWorker.java:125)
	at org.testng.internal.TestMethodWorker.run(TestMethodWorker.java:108)
	at org.testng.TestRunner.privateRun(TestRunner.java:774)
	at org.testng.TestRunner.run(TestRunner.java:624)
	at org.testng.SuiteRunner.runTest(SuiteRunner.java:359)
	at org.testng.SuiteRunner.runSequentially(SuiteRunner.java:354)
	at org.testng.SuiteRunner.privateRun(SuiteRunner.java:312)
	at org.testng.SuiteRunner.run(SuiteRunner.java:261)
	at org.testng.SuiteRunnerWorker.runSuite(SuiteRunnerWorker.java:52)
	at org.testng.SuiteRunnerWorker.run(SuiteRunnerWorker.java:86)
	at org.testng.TestNG.runSuitesSequentially(TestNG.java:1215)
	at org.testng.TestNG.runSuitesLocally(TestNG.java:1140)
	at org.testng.TestNG.run(TestNG.java:1048)
	at org.testng.remote.AbstractRemoteTestNG.run(AbstractRemoteTestNG.java:114)
	at org.testng.remote.RemoteTestNG.initAndRun(RemoteTestNG.java:251)
	at org.testng.remote.RemoteTestNG.main(RemoteTestNG.java:77)
]]>
    </error>
  </testcase> <!-- difference_should_be_less_than_minutes -->
  <testcase name="take_time_difference_from_Start_column_and_Stop_column_of_DSC_Adapter" time="0.201" classname="AdminUI_Adapter_Execution_Test.StepDef_AdminUI"/>
  <testcase name="select_package_from_dropdown_box_and_select_Set_type_and_click_on_Search_button" time="1.771" classname="AdminUI_Adapter_Execution_Test.StepDef_AdminUI"/>
  <testcase name="select_set_type_And_package" time="2.621" classname="AdminUI_Adapter_Execution_Test.StepDef_AdminUI"/>
  <testcase name="navigate_to_ETLC_Set_History" time="0.211" classname="AdminUI_Adapter_Execution_Test.StepDef_AdminUI"/>
  <testcase name="i_enter_valid_username_and_valid_password_And_click_on_LogIn_button" time="1.599" classname="AdminUI_Adapter_Execution_Test.StepDef_AdminUI"/>
  <testcase name="i_should_be_redirected_to_the_home_page_of_the_AdminUI_site" time="1.603" classname="AdminUI_Adapter_Execution_Test.StepDef_AdminUI"/>
  <testcase name="click_on_ETLC_Set_Scheduling_link" time="0.226" classname="AdminUI_Adapter_Execution_Test.StepDef_AdminUI"/>
  <testcase name="open_Chrome_and_start_application_and_naviagte_to_adminUI_URL" time="8.466" classname="AdminUI_Adapter_Execution_Test.StepDef_AdminUI"/>
</testsuite> <!-- AdminUI_Adapter_Execution_Test.StepDef_AdminUI -->
